0 info it worked if it ends with ok
1 verbose cli [ '/Users/payamdowlatyari/.meteor/packages/meteor-tool/.1.4.2_3.65jrci.34nia++os.osx.x86_64+web.browser+web.cordova/mt-os.osx.x86_64/dev_bundle/bin/node',
1 verbose cli   '/Users/payamdowlatyari/.meteor/packages/meteor-tool/.1.4.2_3.65jrci.34nia++os.osx.x86_64+web.browser+web.cordova/mt-os.osx.x86_64/dev_bundle/bin/npm',
1 verbose cli   'install',
1 verbose cli   '--save',
1 verbose cli   'bcrypt' ]
2 info using npm@3.10.9
3 info using node@v4.6.2
4 silly loadCurrentTree Starting
5 silly install loadCurrentTree
6 silly install readLocalPackageData
7 silly fetchPackageMetaData bcrypt@^0.8.7
8 silly fetchNamedPackageData bcrypt
9 silly mapToRegistry name bcrypt
10 silly mapToRegistry using default registry
11 silly mapToRegistry registry https://registry.npmjs.org/
12 silly mapToRegistry data Result {
12 silly mapToRegistry   raw: 'bcrypt',
12 silly mapToRegistry   scope: null,
12 silly mapToRegistry   escapedName: 'bcrypt',
12 silly mapToRegistry   name: 'bcrypt',
12 silly mapToRegistry   rawSpec: '',
12 silly mapToRegistry   spec: 'latest',
12 silly mapToRegistry   type: 'tag' }
13 silly mapToRegistry uri https://registry.npmjs.org/bcrypt
14 verbose request uri https://registry.npmjs.org/bcrypt
15 verbose request no auth needed
16 info attempt registry request try #1 at 6:10:25 PM
17 verbose request id 6c6c67407814a472
18 verbose etag W/"46fde888bf5cab729c8f944536d650a8"
19 verbose lastModified Sun, 14 Apr 2019 09:26:01 GMT
20 http request GET https://registry.npmjs.org/bcrypt
21 http 304 https://registry.npmjs.org/bcrypt
22 verbose headers { date: 'Tue, 25 Jun 2019 01:10:25 GMT',
22 verbose headers   connection: 'keep-alive',
22 verbose headers   'set-cookie': [ '__cfduid=dee68ef22acbfc58761517a8984a43f631561425025; expires=Wed, 24-Jun-20 01:10:25 GMT; path=/; domain=.npmjs.org; HttpOnly' ],
22 verbose headers   'cf-cache-status': 'HIT',
22 verbose headers   'cache-control': 'max-age=300',
22 verbose headers   'cf-ray': '4ec30fc879f89623-SJC',
22 verbose headers   etag: '"46fde888bf5cab729c8f944536d650a8"',
22 verbose headers   'expect-ct': 'max-age=604800, report-uri="https://report-uri.cloudflare.com/cdn-cgi/beacon/expect-ct"',
22 verbose headers   'last-modified': 'Sun, 14 Apr 2019 09:26:01 GMT',
22 verbose headers   vary: 'accept-encoding, accept',
22 verbose headers   'x-amz-meta-rev': '490-00e4bbf337ebb7de81a1923de31df227',
22 verbose headers   server: 'cloudflare' }
23 silly get cb [ 304,
23 silly get   { date: 'Tue, 25 Jun 2019 01:10:25 GMT',
23 silly get     connection: 'keep-alive',
23 silly get     'set-cookie': [ '__cfduid=dee68ef22acbfc58761517a8984a43f631561425025; expires=Wed, 24-Jun-20 01:10:25 GMT; path=/; domain=.npmjs.org; HttpOnly' ],
23 silly get     'cf-cache-status': 'HIT',
23 silly get     'cache-control': 'max-age=300',
23 silly get     'cf-ray': '4ec30fc879f89623-SJC',
23 silly get     etag: '"46fde888bf5cab729c8f944536d650a8"',
23 silly get     'expect-ct': 'max-age=604800, report-uri="https://report-uri.cloudflare.com/cdn-cgi/beacon/expect-ct"',
23 silly get     'last-modified': 'Sun, 14 Apr 2019 09:26:01 GMT',
23 silly get     vary: 'accept-encoding, accept',
23 silly get     'x-amz-meta-rev': '490-00e4bbf337ebb7de81a1923de31df227',
23 silly get     server: 'cloudflare' } ]
24 verbose etag https://registry.npmjs.org/bcrypt from cache
25 verbose get saving bcrypt to /Users/payamdowlatyari/.npm/registry.npmjs.org/bcrypt/.cache.json
26 verbose correctMkdir /Users/payamdowlatyari/.npm correctMkdir not in flight; initializing
27 silly install normalizeTree
28 silly loadCurrentTree Finishing
29 silly loadIdealTree Starting
30 silly install loadIdealTree
31 silly cloneCurrentTree Starting
32 silly install cloneCurrentTreeToIdealTree
33 silly cloneCurrentTree Finishing
34 silly loadShrinkwrap Starting
35 silly install loadShrinkwrap
36 silly loadShrinkwrap Finishing
37 silly loadAllDepsIntoIdealTree Starting
38 silly install loadAllDepsIntoIdealTree
39 silly resolveWithNewModule bcrypt@0.8.7 checking installable status
40 silly cache add args [ 'bcrypt@^0.8.7', null ]
41 verbose cache add spec bcrypt@^0.8.7
42 silly cache add parsed spec Result {
42 silly cache add   raw: 'bcrypt@^0.8.7',
42 silly cache add   scope: null,
42 silly cache add   escapedName: 'bcrypt',
42 silly cache add   name: 'bcrypt',
42 silly cache add   rawSpec: '^0.8.7',
42 silly cache add   spec: '>=0.8.7 <0.9.0',
42 silly cache add   type: 'range' }
43 silly addNamed bcrypt@>=0.8.7 <0.9.0
44 verbose addNamed ">=0.8.7 <0.9.0" is a valid semver range for bcrypt
45 silly addNameRange { name: 'bcrypt', range: '>=0.8.7 <0.9.0', hasData: false }
46 silly mapToRegistry name bcrypt
47 silly mapToRegistry using default registry
48 silly mapToRegistry registry https://registry.npmjs.org/
49 silly mapToRegistry data Result {
49 silly mapToRegistry   raw: 'bcrypt',
49 silly mapToRegistry   scope: null,
49 silly mapToRegistry   escapedName: 'bcrypt',
49 silly mapToRegistry   name: 'bcrypt',
49 silly mapToRegistry   rawSpec: '',
49 silly mapToRegistry   spec: 'latest',
49 silly mapToRegistry   type: 'tag' }
50 silly mapToRegistry uri https://registry.npmjs.org/bcrypt
51 verbose addNameRange registry:https://registry.npmjs.org/bcrypt not in flight; fetching
52 verbose get https://registry.npmjs.org/bcrypt not expired, no request
53 silly addNameRange number 2 { name: 'bcrypt', range: '>=0.8.7 <0.9.0', hasData: true }
54 silly addNameRange versions [ 'bcrypt',
54 silly addNameRange   [ '0.1.2',
54 silly addNameRange     '0.2.0',
54 silly addNameRange     '0.2.1',
54 silly addNameRange     '0.1.3',
54 silly addNameRange     '0.2.2',
54 silly addNameRange     '0.2.3',
54 silly addNameRange     '0.2.4',
54 silly addNameRange     '0.3.0',
54 silly addNameRange     '0.3.1',
54 silly addNameRange     '0.3.2',
54 silly addNameRange     '0.4.0',
54 silly addNameRange     '0.4.1',
54 silly addNameRange     '0.5.0',
54 silly addNameRange     '0.6.0',
54 silly addNameRange     '0.7.0',
54 silly addNameRange     '0.7.1',
54 silly addNameRange     '0.7.2',
54 silly addNameRange     '0.7.3',
54 silly addNameRange     '0.7.4',
54 silly addNameRange     '0.7.5',
54 silly addNameRange     '0.7.6',
54 silly addNameRange     '0.7.7',
54 silly addNameRange     '0.7.8',
54 silly addNameRange     '0.8.0',
54 silly addNameRange     '0.8.1',
54 silly addNameRange     '0.8.2',
54 silly addNameRange     '0.8.3',
54 silly addNameRange     '0.8.4',
54 silly addNameRange     '0.8.5',
54 silly addNameRange     '0.8.6',
54 silly addNameRange     '0.8.7',
54 silly addNameRange     '1.0.0',
54 silly addNameRange     '1.0.1',
54 silly addNameRange     '1.0.2',
54 silly addNameRange     '1.0.3',
54 silly addNameRange     '1.1.0-napi',
54 silly addNameRange     '2.0.0',
54 silly addNameRange     '2.0.1',
54 silly addNameRange     '3.0.0',
54 silly addNameRange     '3.0.1',
54 silly addNameRange     '3.0.2',
54 silly addNameRange     '3.0.3',
54 silly addNameRange     '3.0.4',
54 silly addNameRange     '3.0.4-napi',
54 silly addNameRange     '3.0.5',
54 silly addNameRange     '3.0.6' ] ]
55 silly addNamed bcrypt@0.8.7
56 verbose addNamed "0.8.7" is a plain semver version for bcrypt
57 warn deprecated bcrypt@0.8.7: bcrypt < v2.0.0 is susceptible to bcrypt wrap-around bug. Upgrade to bcrypt >= v2.0.0 for improved support for newer bcrypt hashes
58 silly cache afterAdd bcrypt@0.8.7
59 verbose afterAdd /Users/payamdowlatyari/.npm/bcrypt/0.8.7/package/package.json not in flight; writing
60 verbose correctMkdir /Users/payamdowlatyari/.npm correctMkdir not in flight; initializing
61 verbose afterAdd /Users/payamdowlatyari/.npm/bcrypt/0.8.7/package/package.json written
62 silly fetchNamedPackageData bindings
63 silly mapToRegistry name bindings
64 silly mapToRegistry using default registry
65 silly mapToRegistry registry https://registry.npmjs.org/
66 silly mapToRegistry data Result {
66 silly mapToRegistry   raw: 'bindings',
66 silly mapToRegistry   scope: null,
66 silly mapToRegistry   escapedName: 'bindings',
66 silly mapToRegistry   name: 'bindings',
66 silly mapToRegistry   rawSpec: '',
66 silly mapToRegistry   spec: 'latest',
66 silly mapToRegistry   type: 'tag' }
67 silly mapToRegistry uri https://registry.npmjs.org/bindings
68 silly fetchNamedPackageData nan
69 silly mapToRegistry name nan
70 silly mapToRegistry using default registry
71 silly mapToRegistry registry https://registry.npmjs.org/
72 silly mapToRegistry data Result {
72 silly mapToRegistry   raw: 'nan',
72 silly mapToRegistry   scope: null,
72 silly mapToRegistry   escapedName: 'nan',
72 silly mapToRegistry   name: 'nan',
72 silly mapToRegistry   rawSpec: '',
72 silly mapToRegistry   spec: 'latest',
72 silly mapToRegistry   type: 'tag' }
73 silly mapToRegistry uri https://registry.npmjs.org/nan
74 verbose request uri https://registry.npmjs.org/bindings
75 verbose request no auth needed
76 info attempt registry request try #1 at 6:10:25 PM
77 verbose etag W/"8dfe34716157e36596b3ba5e5fcfb617"
78 verbose lastModified Wed, 27 Feb 2019 22:54:48 GMT
79 http request GET https://registry.npmjs.org/bindings
80 verbose request uri https://registry.npmjs.org/nan
81 verbose request no auth needed
82 info attempt registry request try #1 at 6:10:25 PM
83 verbose etag W/"a665a85bde8d605dbf85b9013ecf702b"
84 verbose lastModified Thu, 16 May 2019 19:11:40 GMT
85 http request GET https://registry.npmjs.org/nan
86 http 304 https://registry.npmjs.org/bindings
87 verbose headers { date: 'Tue, 25 Jun 2019 01:10:25 GMT',
87 verbose headers   connection: 'keep-alive',
87 verbose headers   'set-cookie': [ '__cfduid=dee68ef22acbfc58761517a8984a43f631561425025; expires=Wed, 24-Jun-20 01:10:25 GMT; path=/; domain=.npmjs.org; HttpOnly' ],
87 verbose headers   'cf-cache-status': 'HIT',
87 verbose headers   'cache-control': 'max-age=300',
87 verbose headers   'cf-ray': '4ec30fc93a969623-SJC',
87 verbose headers   etag: '"8dfe34716157e36596b3ba5e5fcfb617"',
87 verbose headers   'expect-ct': 'max-age=604800, report-uri="https://report-uri.cloudflare.com/cdn-cgi/beacon/expect-ct"',
87 verbose headers   'last-modified': 'Wed, 27 Feb 2019 22:54:48 GMT',
87 verbose headers   vary: 'accept-encoding, accept',
87 verbose headers   'x-amz-meta-rev': '66-b1ca5aefc319d9a2058a07561bf4cc31',
87 verbose headers   server: 'cloudflare' }
88 silly get cb [ 304,
88 silly get   { date: 'Tue, 25 Jun 2019 01:10:25 GMT',
88 silly get     connection: 'keep-alive',
88 silly get     'set-cookie': [ '__cfduid=dee68ef22acbfc58761517a8984a43f631561425025; expires=Wed, 24-Jun-20 01:10:25 GMT; path=/; domain=.npmjs.org; HttpOnly' ],
88 silly get     'cf-cache-status': 'HIT',
88 silly get     'cache-control': 'max-age=300',
88 silly get     'cf-ray': '4ec30fc93a969623-SJC',
88 silly get     etag: '"8dfe34716157e36596b3ba5e5fcfb617"',
88 silly get     'expect-ct': 'max-age=604800, report-uri="https://report-uri.cloudflare.com/cdn-cgi/beacon/expect-ct"',
88 silly get     'last-modified': 'Wed, 27 Feb 2019 22:54:48 GMT',
88 silly get     vary: 'accept-encoding, accept',
88 silly get     'x-amz-meta-rev': '66-b1ca5aefc319d9a2058a07561bf4cc31',
88 silly get     server: 'cloudflare' } ]
89 verbose etag https://registry.npmjs.org/bindings from cache
90 verbose get saving bindings to /Users/payamdowlatyari/.npm/registry.npmjs.org/bindings/.cache.json
91 verbose correctMkdir /Users/payamdowlatyari/.npm correctMkdir not in flight; initializing
92 silly resolveWithNewModule bindings@1.2.1 checking installable status
93 silly cache add args [ 'bindings@1.2.1', null ]
94 verbose cache add spec bindings@1.2.1
95 silly cache add parsed spec Result {
95 silly cache add   raw: 'bindings@1.2.1',
95 silly cache add   scope: null,
95 silly cache add   escapedName: 'bindings',
95 silly cache add   name: 'bindings',
95 silly cache add   rawSpec: '1.2.1',
95 silly cache add   spec: '1.2.1',
95 silly cache add   type: 'version' }
96 silly addNamed bindings@1.2.1
97 verbose addNamed "1.2.1" is a plain semver version for bindings
98 silly mapToRegistry name bindings
99 silly mapToRegistry using default registry
100 silly mapToRegistry registry https://registry.npmjs.org/
101 silly mapToRegistry data Result {
101 silly mapToRegistry   raw: 'bindings',
101 silly mapToRegistry   scope: null,
101 silly mapToRegistry   escapedName: 'bindings',
101 silly mapToRegistry   name: 'bindings',
101 silly mapToRegistry   rawSpec: '',
101 silly mapToRegistry   spec: 'latest',
101 silly mapToRegistry   type: 'tag' }
102 silly mapToRegistry uri https://registry.npmjs.org/bindings
103 verbose addNameVersion registry:https://registry.npmjs.org/bindings not in flight; fetching
104 verbose get https://registry.npmjs.org/bindings not expired, no request
105 silly cache afterAdd bindings@1.2.1
106 verbose afterAdd /Users/payamdowlatyari/.npm/bindings/1.2.1/package/package.json not in flight; writing
107 verbose correctMkdir /Users/payamdowlatyari/.npm correctMkdir not in flight; initializing
108 verbose afterAdd /Users/payamdowlatyari/.npm/bindings/1.2.1/package/package.json written
109 http 304 https://registry.npmjs.org/nan
110 verbose headers { date: 'Tue, 25 Jun 2019 01:10:25 GMT',
110 verbose headers   connection: 'keep-alive',
110 verbose headers   'set-cookie': [ '__cfduid=d2fa9632a382888709f9c9909e501920a1561425025; expires=Wed, 24-Jun-20 01:10:25 GMT; path=/; domain=.npmjs.org; HttpOnly' ],
110 verbose headers   'cf-cache-status': 'HIT',
110 verbose headers   'cache-control': 'max-age=300',
110 verbose headers   'cf-ray': '4ec30fc989cb6dee-SJC',
110 verbose headers   etag: '"a665a85bde8d605dbf85b9013ecf702b"',
110 verbose headers   'expect-ct': 'max-age=604800, report-uri="https://report-uri.cloudflare.com/cdn-cgi/beacon/expect-ct"',
110 verbose headers   'last-modified': 'Thu, 16 May 2019 19:11:40 GMT',
110 verbose headers   vary: 'accept-encoding, accept',
110 verbose headers   'x-amz-meta-rev': '187-4027ea0c01577aa817d1396fc47fd498',
110 verbose headers   server: 'cloudflare' }
111 silly get cb [ 304,
111 silly get   { date: 'Tue, 25 Jun 2019 01:10:25 GMT',
111 silly get     connection: 'keep-alive',
111 silly get     'set-cookie': [ '__cfduid=d2fa9632a382888709f9c9909e501920a1561425025; expires=Wed, 24-Jun-20 01:10:25 GMT; path=/; domain=.npmjs.org; HttpOnly' ],
111 silly get     'cf-cache-status': 'HIT',
111 silly get     'cache-control': 'max-age=300',
111 silly get     'cf-ray': '4ec30fc989cb6dee-SJC',
111 silly get     etag: '"a665a85bde8d605dbf85b9013ecf702b"',
111 silly get     'expect-ct': 'max-age=604800, report-uri="https://report-uri.cloudflare.com/cdn-cgi/beacon/expect-ct"',
111 silly get     'last-modified': 'Thu, 16 May 2019 19:11:40 GMT',
111 silly get     vary: 'accept-encoding, accept',
111 silly get     'x-amz-meta-rev': '187-4027ea0c01577aa817d1396fc47fd498',
111 silly get     server: 'cloudflare' } ]
112 verbose etag https://registry.npmjs.org/nan from cache
113 verbose get saving nan to /Users/payamdowlatyari/.npm/registry.npmjs.org/nan/.cache.json
114 verbose correctMkdir /Users/payamdowlatyari/.npm correctMkdir not in flight; initializing
115 silly resolveWithNewModule nan@2.3.5 checking installable status
116 silly cache add args [ 'nan@2.3.5', null ]
117 verbose cache add spec nan@2.3.5
118 silly cache add parsed spec Result {
118 silly cache add   raw: 'nan@2.3.5',
118 silly cache add   scope: null,
118 silly cache add   escapedName: 'nan',
118 silly cache add   name: 'nan',
118 silly cache add   rawSpec: '2.3.5',
118 silly cache add   spec: '2.3.5',
118 silly cache add   type: 'version' }
119 silly addNamed nan@2.3.5
120 verbose addNamed "2.3.5" is a plain semver version for nan
121 silly mapToRegistry name nan
122 silly mapToRegistry using default registry
123 silly mapToRegistry registry https://registry.npmjs.org/
124 silly mapToRegistry data Result {
124 silly mapToRegistry   raw: 'nan',
124 silly mapToRegistry   scope: null,
124 silly mapToRegistry   escapedName: 'nan',
124 silly mapToRegistry   name: 'nan',
124 silly mapToRegistry   rawSpec: '',
124 silly mapToRegistry   spec: 'latest',
124 silly mapToRegistry   type: 'tag' }
125 silly mapToRegistry uri https://registry.npmjs.org/nan
126 verbose addNameVersion registry:https://registry.npmjs.org/nan not in flight; fetching
127 verbose get https://registry.npmjs.org/nan not expired, no request
128 silly cache afterAdd nan@2.3.5
129 verbose afterAdd /Users/payamdowlatyari/.npm/nan/2.3.5/package/package.json not in flight; writing
130 verbose correctMkdir /Users/payamdowlatyari/.npm correctMkdir not in flight; initializing
131 verbose afterAdd /Users/payamdowlatyari/.npm/nan/2.3.5/package/package.json written
132 silly loadAllDepsIntoIdealTree Finishing
133 silly loadIdealTree Finishing
134 silly currentTree week_3_image_share@1.0.0
134 silly currentTree ├── babel-runtime@6.26.0
134 silly currentTree ├── core-js@2.6.9
134 silly currentTree └── regenerator-runtime@0.11.1
135 silly idealTree week_3_image_share@1.0.0
135 silly idealTree ├── babel-runtime@6.26.0
135 silly idealTree ├── bcrypt@0.8.7
135 silly idealTree ├── bindings@1.2.1
135 silly idealTree ├── core-js@2.6.9
135 silly idealTree ├── nan@2.3.5
135 silly idealTree └── regenerator-runtime@0.11.1
136 silly generateActionsToTake Starting
137 silly install generateActionsToTake
138 silly generateActionsToTake Finishing
139 silly diffTrees action count 3
140 silly diffTrees add bindings@1.2.1
141 silly diffTrees add nan@2.3.5
142 silly diffTrees add bcrypt@0.8.7
143 silly decomposeActions action count 24
144 silly decomposeActions fetch bindings@1.2.1
145 silly decomposeActions extract bindings@1.2.1
146 silly decomposeActions test bindings@1.2.1
147 silly decomposeActions preinstall bindings@1.2.1
148 silly decomposeActions build bindings@1.2.1
149 silly decomposeActions install bindings@1.2.1
150 silly decomposeActions postinstall bindings@1.2.1
151 silly decomposeActions finalize bindings@1.2.1
152 silly decomposeActions fetch nan@2.3.5
153 silly decomposeActions extract nan@2.3.5
154 silly decomposeActions test nan@2.3.5
155 silly decomposeActions preinstall nan@2.3.5
156 silly decomposeActions build nan@2.3.5
157 silly decomposeActions install nan@2.3.5
158 silly decomposeActions postinstall nan@2.3.5
159 silly decomposeActions finalize nan@2.3.5
160 silly decomposeActions fetch bcrypt@0.8.7
161 silly decomposeActions extract bcrypt@0.8.7
162 silly decomposeActions test bcrypt@0.8.7
163 silly decomposeActions preinstall bcrypt@0.8.7
164 silly decomposeActions build bcrypt@0.8.7
165 silly decomposeActions install bcrypt@0.8.7
166 silly decomposeActions postinstall bcrypt@0.8.7
167 silly decomposeActions finalize bcrypt@0.8.7
168 silly runTopLevelLifecycles Starting
169 silly executeActions Starting
170 silly install executeActions
171 silly doSerial global-install 0
172 silly doParallel fetch 3
173 verbose correctMkdir /Users/payamdowlatyari/.npm/_locks correctMkdir not in flight; initializing
174 verbose lock using /Users/payamdowlatyari/.npm/_locks/staging-7ab815607a4570c9.lock for /Users/payamdowlatyari/myGit/WEBDesign/image_sh/node_modules/.staging
175 silly doParallel extract 3
176 silly extract bindings@1.2.1
177 silly extract nan@2.3.5
178 silly extract bcrypt@0.8.7
179 verbose unbuild node_modules/.staging/bindings-04d9b51c
180 verbose unbuild node_modules/.staging/nan-469753ec
181 verbose unbuild node_modules/.staging/bcrypt-65a95451
182 silly gentlyRm /Users/payamdowlatyari/myGit/WEBDesign/image_sh/node_modules/.staging/bindings-04d9b51c is being purged from base /Users/payamdowlatyari/myGit/WEBDesign/image_sh
183 verbose gentlyRm don't care about contents; nuking /Users/payamdowlatyari/myGit/WEBDesign/image_sh/node_modules/.staging/bindings-04d9b51c
184 silly gentlyRm /Users/payamdowlatyari/myGit/WEBDesign/image_sh/node_modules/.staging/nan-469753ec is being purged from base /Users/payamdowlatyari/myGit/WEBDesign/image_sh
185 verbose gentlyRm don't care about contents; nuking /Users/payamdowlatyari/myGit/WEBDesign/image_sh/node_modules/.staging/nan-469753ec
186 silly gentlyRm /Users/payamdowlatyari/myGit/WEBDesign/image_sh/node_modules/.staging/bcrypt-65a95451 is being purged from base /Users/payamdowlatyari/myGit/WEBDesign/image_sh
187 verbose gentlyRm don't care about contents; nuking /Users/payamdowlatyari/myGit/WEBDesign/image_sh/node_modules/.staging/bcrypt-65a95451
188 verbose tar unpack /Users/payamdowlatyari/.npm/bindings/1.2.1/package.tgz
189 verbose tar unpacking to /Users/payamdowlatyari/myGit/WEBDesign/image_sh/node_modules/.staging/bindings-04d9b51c
190 silly gentlyRm /Users/payamdowlatyari/myGit/WEBDesign/image_sh/node_modules/.staging/bindings-04d9b51c is being purged
191 verbose gentlyRm don't care about contents; nuking /Users/payamdowlatyari/myGit/WEBDesign/image_sh/node_modules/.staging/bindings-04d9b51c
192 verbose tar unpack /Users/payamdowlatyari/.npm/nan/2.3.5/package.tgz
193 verbose tar unpacking to /Users/payamdowlatyari/myGit/WEBDesign/image_sh/node_modules/.staging/nan-469753ec
194 silly gentlyRm /Users/payamdowlatyari/myGit/WEBDesign/image_sh/node_modules/.staging/nan-469753ec is being purged
195 verbose gentlyRm don't care about contents; nuking /Users/payamdowlatyari/myGit/WEBDesign/image_sh/node_modules/.staging/nan-469753ec
196 verbose tar unpack /Users/payamdowlatyari/.npm/bcrypt/0.8.7/package.tgz
197 verbose tar unpacking to /Users/payamdowlatyari/myGit/WEBDesign/image_sh/node_modules/.staging/bcrypt-65a95451
198 silly gentlyRm /Users/payamdowlatyari/myGit/WEBDesign/image_sh/node_modules/.staging/bcrypt-65a95451 is being purged
199 verbose gentlyRm don't care about contents; nuking /Users/payamdowlatyari/myGit/WEBDesign/image_sh/node_modules/.staging/bcrypt-65a95451
200 silly gunzTarPerm modes [ '755', '644' ]
201 silly gunzTarPerm modes [ '755', '644' ]
202 silly gunzTarPerm modes [ '755', '644' ]
203 silly gunzTarPerm extractEntry package.json
204 silly gunzTarPerm modified mode [ 'package.json', 436, 420 ]
205 silly gunzTarPerm extractEntry package.json
206 silly gunzTarPerm extractEntry package.json
207 silly gunzTarPerm extractEntry README.md
208 silly gunzTarPerm modified mode [ 'README.md', 436, 420 ]
209 silly gunzTarPerm extractEntry README.md
210 silly gunzTarPerm extractEntry bindings.js
211 silly gunzTarPerm extractEntry .npmignore
212 silly gunzTarPerm extractEntry README.md
213 silly gunzTarPerm extractEntry include_dirs.js
214 silly gunzTarPerm modified mode [ 'include_dirs.js', 436, 420 ]
215 silly gunzTarPerm extractEntry nan_converters.h
216 silly gunzTarPerm modified mode [ 'nan_converters.h', 436, 420 ]
217 silly gunzTarPerm extractEntry LICENSE.md
218 silly gunzTarPerm modified mode [ 'LICENSE.md', 436, 420 ]
219 silly gunzTarPerm extractEntry doc/node_misc.md
220 silly gunzTarPerm modified mode [ 'doc/node_misc.md', 436, 420 ]
221 silly gunzTarPerm extractEntry LICENSE
222 silly gunzTarPerm extractEntry bcrypt.js
223 silly gunzTarPerm extractEntry Makefile
224 silly gunzTarPerm extractEntry .travis.yml
225 silly gunzTarPerm extractEntry CHANGELOG.md
226 silly gunzTarPerm extractEntry binding.gyp
227 silly gunzTarPerm extractEntry examples/async_compare.js
228 silly gunzTarPerm extractEntry examples/forever_gen_salt.js
229 silly gunzTarPerm extractEntry test/async.js
230 silly gunzTarPerm extractEntry test/repetitions.js
231 silly gunzTarPerm extractEntry test/sync.js
232 silly gunzTarPerm extractEntry ISSUE_TEMPLATE.md
233 silly gunzTarPerm extractEntry src/bcrypt.cc
234 silly gunzTarPerm extractEntry src/bcrypt_node.cc
235 silly gunzTarPerm extractEntry src/blowfish.cc
236 silly gunzTarPerm extractEntry src/node_blf.h
237 silly gunzTarPerm extractEntry werker.yml
238 silly gunzTarPerm extractEntry doc/asyncworker.md
239 silly gunzTarPerm modified mode [ 'doc/asyncworker.md', 436, 420 ]
240 silly gunzTarPerm extractEntry doc/callback.md
241 silly gunzTarPerm modified mode [ 'doc/callback.md', 436, 420 ]
242 silly gunzTarPerm extractEntry doc/converters.md
243 silly gunzTarPerm modified mode [ 'doc/converters.md', 436, 420 ]
244 silly gunzTarPerm extractEntry doc/errors.md
245 silly gunzTarPerm modified mode [ 'doc/errors.md', 436, 420 ]
246 silly gunzTarPerm extractEntry doc/maybe_types.md
247 silly gunzTarPerm modified mode [ 'doc/maybe_types.md', 436, 420 ]
248 silly gunzTarPerm extractEntry doc/methods.md
249 silly gunzTarPerm modified mode [ 'doc/methods.md', 436, 420 ]
250 silly gunzTarPerm extractEntry doc/new.md
251 silly gunzTarPerm modified mode [ 'doc/new.md', 436, 420 ]
252 silly gunzTarPerm extractEntry doc/buffers.md
253 silly gunzTarPerm modified mode [ 'doc/buffers.md', 436, 420 ]
254 silly gunzTarPerm extractEntry doc/object_wrappers.md
255 silly gunzTarPerm modified mode [ 'doc/object_wrappers.md', 436, 420 ]
256 silly gentlyRm /Users/payamdowlatyari/myGit/WEBDesign/image_sh/node_modules/.staging/bindings-04d9b51c/node_modules is being purged
257 verbose gentlyRm don't care about contents; nuking /Users/payamdowlatyari/myGit/WEBDesign/image_sh/node_modules/.staging/bindings-04d9b51c/node_modules
258 silly gunzTarPerm extractEntry doc/persistent.md
259 silly gunzTarPerm modified mode [ 'doc/persistent.md', 436, 420 ]
260 silly gunzTarPerm extractEntry doc/scopes.md
261 silly gunzTarPerm modified mode [ 'doc/scopes.md', 436, 420 ]
262 silly gunzTarPerm extractEntry doc/script.md
263 silly gunzTarPerm modified mode [ 'doc/script.md', 436, 420 ]
264 silly gunzTarPerm extractEntry doc/string_bytes.md
265 silly gunzTarPerm modified mode [ 'doc/string_bytes.md', 436, 420 ]
266 silly gunzTarPerm extractEntry doc/v8_internals.md
267 silly gunzTarPerm modified mode [ 'doc/v8_internals.md', 436, 420 ]
268 silly gunzTarPerm extractEntry doc/v8_misc.md
269 silly gunzTarPerm modified mode [ 'doc/v8_misc.md', 436, 420 ]
270 silly gunzTarPerm extractEntry nan.h
271 silly gunzTarPerm modified mode [ 'nan.h', 436, 420 ]
272 silly gunzTarPerm extractEntry nan_callbacks.h
273 silly gunzTarPerm modified mode [ 'nan_callbacks.h', 436, 420 ]
274 silly gunzTarPerm extractEntry nan_callbacks_12_inl.h
275 silly gunzTarPerm modified mode [ 'nan_callbacks_12_inl.h', 436, 420 ]
276 silly gunzTarPerm extractEntry nan_callbacks_pre_12_inl.h
277 silly gunzTarPerm modified mode [ 'nan_callbacks_pre_12_inl.h', 436, 420 ]
278 silly gunzTarPerm extractEntry nan_converters_43_inl.h
279 silly gunzTarPerm modified mode [ 'nan_converters_43_inl.h', 436, 420 ]
280 silly gunzTarPerm extractEntry nan_converters_pre_43_inl.h
281 silly gunzTarPerm modified mode [ 'nan_converters_pre_43_inl.h', 436, 420 ]
282 silly gunzTarPerm extractEntry nan_implementation_12_inl.h
283 silly gunzTarPerm modified mode [ 'nan_implementation_12_inl.h', 436, 420 ]
284 silly gunzTarPerm extractEntry nan_implementation_pre_12_inl.h
285 silly gunzTarPerm modified mode [ 'nan_implementation_pre_12_inl.h', 436, 420 ]
286 silly gunzTarPerm extractEntry nan_maybe_43_inl.h
287 silly gunzTarPerm modified mode [ 'nan_maybe_43_inl.h', 436, 420 ]
288 silly gunzTarPerm extractEntry nan_maybe_pre_43_inl.h
289 silly gunzTarPerm modified mode [ 'nan_maybe_pre_43_inl.h', 436, 420 ]
290 silly gunzTarPerm extractEntry nan_new.h
291 silly gunzTarPerm modified mode [ 'nan_new.h', 436, 420 ]
292 silly gunzTarPerm extractEntry nan_object_wrap.h
293 silly gunzTarPerm modified mode [ 'nan_object_wrap.h', 436, 420 ]
294 silly gunzTarPerm extractEntry nan_persistent_12_inl.h
295 silly gunzTarPerm modified mode [ 'nan_persistent_12_inl.h', 436, 420 ]
296 silly gunzTarPerm extractEntry nan_persistent_pre_12_inl.h
297 silly gunzTarPerm modified mode [ 'nan_persistent_pre_12_inl.h', 436, 420 ]
298 silly gunzTarPerm extractEntry nan_string_bytes.h
299 silly gunzTarPerm modified mode [ 'nan_string_bytes.h', 436, 420 ]
300 silly gunzTarPerm extractEntry nan_typedarray_contents.h
301 silly gunzTarPerm modified mode [ 'nan_typedarray_contents.h', 436, 420 ]
302 silly gunzTarPerm extractEntry nan_weak.h
303 silly gunzTarPerm modified mode [ 'nan_weak.h', 436, 420 ]
304 silly gunzTarPerm extractEntry CHANGELOG.md
305 silly gunzTarPerm modified mode [ 'CHANGELOG.md', 436, 420 ]
306 silly gunzTarPerm extractEntry tools/package.json
307 silly gunzTarPerm modified mode [ 'tools/package.json', 436, 420 ]
308 silly gunzTarPerm extractEntry tools/README.md
309 silly gunzTarPerm modified mode [ 'tools/README.md', 436, 420 ]
310 silly gunzTarPerm extractEntry tools/1to2.js
311 silly gunzTarPerm modified mode [ 'tools/1to2.js', 509, 493 ]
312 silly gentlyRm /Users/payamdowlatyari/myGit/WEBDesign/image_sh/node_modules/.staging/bcrypt-65a95451/node_modules is being purged
313 verbose gentlyRm don't care about contents; nuking /Users/payamdowlatyari/myGit/WEBDesign/image_sh/node_modules/.staging/bcrypt-65a95451/node_modules
314 silly gentlyRm /Users/payamdowlatyari/myGit/WEBDesign/image_sh/node_modules/.staging/nan-469753ec/node_modules is being purged
315 verbose gentlyRm don't care about contents; nuking /Users/payamdowlatyari/myGit/WEBDesign/image_sh/node_modules/.staging/nan-469753ec/node_modules
316 silly doParallel preinstall 3
317 silly preinstall bindings@1.2.1 /Users/payamdowlatyari/myGit/WEBDesign/image_sh/node_modules/.staging/bindings-04d9b51c
318 info lifecycle bindings@1.2.1~preinstall: bindings@1.2.1
319 silly preinstall nan@2.3.5 /Users/payamdowlatyari/myGit/WEBDesign/image_sh/node_modules/.staging/nan-469753ec
320 info lifecycle nan@2.3.5~preinstall: nan@2.3.5
321 silly preinstall bcrypt@0.8.7 /Users/payamdowlatyari/myGit/WEBDesign/image_sh/node_modules/.staging/bcrypt-65a95451
322 info lifecycle bcrypt@0.8.7~preinstall: bcrypt@0.8.7
323 silly lifecycle bindings@1.2.1~preinstall: no script for preinstall, continuing
324 silly lifecycle nan@2.3.5~preinstall: no script for preinstall, continuing
325 silly lifecycle bcrypt@0.8.7~preinstall: no script for preinstall, continuing
326 silly doReverseSerial remove 0
327 silly doSerial move 0
328 silly doSerial finalize 3
329 silly finalize /Users/payamdowlatyari/myGit/WEBDesign/image_sh/node_modules/bindings
330 silly finalize /Users/payamdowlatyari/myGit/WEBDesign/image_sh/node_modules/nan
331 silly finalize /Users/payamdowlatyari/myGit/WEBDesign/image_sh/node_modules/bcrypt
332 silly doSerial build 3
333 silly build bindings@1.2.1
334 info linkStuff bindings@1.2.1
335 silly linkStuff bindings@1.2.1 has /Users/payamdowlatyari/myGit/WEBDesign/image_sh/node_modules as its parent node_modules
336 verbose linkBins bindings@1.2.1
337 verbose linkMans bindings@1.2.1
338 silly build nan@2.3.5
339 info linkStuff nan@2.3.5
340 silly linkStuff nan@2.3.5 has /Users/payamdowlatyari/myGit/WEBDesign/image_sh/node_modules as its parent node_modules
341 verbose linkBins nan@2.3.5
342 verbose linkMans nan@2.3.5
343 silly build bcrypt@0.8.7
344 info linkStuff bcrypt@0.8.7
345 silly linkStuff bcrypt@0.8.7 has /Users/payamdowlatyari/myGit/WEBDesign/image_sh/node_modules as its parent node_modules
346 verbose linkBins bcrypt@0.8.7
347 verbose linkMans bcrypt@0.8.7
348 silly doSerial global-link 0
349 silly doParallel update-linked 0
350 silly doSerial install 3
351 silly install bindings@1.2.1 /Users/payamdowlatyari/myGit/WEBDesign/image_sh/node_modules/.staging/bindings-04d9b51c
352 info lifecycle bindings@1.2.1~install: bindings@1.2.1
353 silly lifecycle bindings@1.2.1~install: no script for install, continuing
354 silly install nan@2.3.5 /Users/payamdowlatyari/myGit/WEBDesign/image_sh/node_modules/.staging/nan-469753ec
355 info lifecycle nan@2.3.5~install: nan@2.3.5
356 silly lifecycle nan@2.3.5~install: no script for install, continuing
357 silly install bcrypt@0.8.7 /Users/payamdowlatyari/myGit/WEBDesign/image_sh/node_modules/.staging/bcrypt-65a95451
358 info lifecycle bcrypt@0.8.7~install: bcrypt@0.8.7
359 verbose lifecycle bcrypt@0.8.7~install: unsafe-perm in lifecycle true
360 verbose lifecycle bcrypt@0.8.7~install: PATH: /Users/payamdowlatyari/.meteor/packages/meteor-tool/.1.4.2_3.65jrci.34nia++os.osx.x86_64+web.browser+web.cordova/mt-os.osx.x86_64/dev_bundle/lib/node_modules/npm/bin/node-gyp-bin:/Users/payamdowlatyari/myGit/WEBDesign/image_sh/node_modules/bcrypt/node_modules/.bin:/Users/payamdowlatyari/myGit/WEBDesign/image_sh/node_modules/.bin:/Users/payamdowlatyari/.meteor/packages/meteor-tool/.1.4.2_3.65jrci.34nia++os.osx.x86_64+web.browser+web.cordova/mt-os.osx.x86_64/dev_bundle/bin:/Users/payamdowlatyari/.meteor/packages/meteor-tool/.1.4.2_3.65jrci.34nia++os.osx.x86_64+web.browser+web.cordova/mt-os.osx.x86_64:/Users/payamdowlatyari/.meteor/packages/meteor-tool/.1.4.2_3.65jrci.34nia++os.osx.x86_64+web.browser+web.cordova/mt-os.osx.x86_64/dev_bundle/lib/node_modules/.bin:/anaconda3/bin:/Library/Frameworks/Python.framework/Versions/3.6/bin:/usr/local/bin:/usr/bin:/bin:/usr/sbin:/sbin:/usr/local/mysql/bin:/usr/local/mysql/bin:/usr/local/mysql/bin:/usr/local/mysql/bin
361 verbose lifecycle bcrypt@0.8.7~install: CWD: /Users/payamdowlatyari/myGit/WEBDesign/image_sh/node_modules/bcrypt
362 silly lifecycle bcrypt@0.8.7~install: Args: [ '-c', 'node-gyp rebuild' ]
363 silly lifecycle bcrypt@0.8.7~install: Returned: code: 1  signal: null
364 info lifecycle bcrypt@0.8.7~install: Failed to exec install script
365 verbose unlock done using /Users/payamdowlatyari/.npm/_locks/staging-7ab815607a4570c9.lock for /Users/payamdowlatyari/myGit/WEBDesign/image_sh/node_modules/.staging
366 silly rollbackFailedOptional Starting
367 silly rollbackFailedOptional Finishing
368 silly runTopLevelLifecycles Finishing
369 silly install printInstalled
370 warn week_3_image_share@1.0.0 No repository field.
371 verbose If you need help, you may report this error at:
371 verbose     <https://github.com/npm/npm/issues>
372 verbose stack Error: bcrypt@0.8.7 install: `node-gyp rebuild`
372 verbose stack Exit status 1
372 verbose stack     at EventEmitter.<anonymous> (/Users/payamdowlatyari/.meteor/packages/meteor-tool/.1.4.2_3.65jrci.34nia++os.osx.x86_64+web.browser+web.cordova/mt-os.osx.x86_64/dev_bundle/lib/node_modules/npm/lib/utils/lifecycle.js:255:16)
372 verbose stack     at emitTwo (events.js:87:13)
372 verbose stack     at EventEmitter.emit (events.js:172:7)
372 verbose stack     at ChildProcess.<anonymous> (/Users/payamdowlatyari/.meteor/packages/meteor-tool/.1.4.2_3.65jrci.34nia++os.osx.x86_64+web.browser+web.cordova/mt-os.osx.x86_64/dev_bundle/lib/node_modules/npm/lib/utils/spawn.js:40:14)
372 verbose stack     at emitTwo (events.js:87:13)
372 verbose stack     at ChildProcess.emit (events.js:172:7)
372 verbose stack     at maybeClose (internal/child_process.js:854:16)
372 verbose stack     at Process.ChildProcess._handle.onexit (internal/child_process.js:222:5)
373 verbose pkgid bcrypt@0.8.7
374 verbose cwd /Users/payamdowlatyari/myGit/WEBDesign/image_sh
375 error Darwin 18.6.0
376 error argv "/Users/payamdowlatyari/.meteor/packages/meteor-tool/.1.4.2_3.65jrci.34nia++os.osx.x86_64+web.browser+web.cordova/mt-os.osx.x86_64/dev_bundle/bin/node" "/Users/payamdowlatyari/.meteor/packages/meteor-tool/.1.4.2_3.65jrci.34nia++os.osx.x86_64+web.browser+web.cordova/mt-os.osx.x86_64/dev_bundle/bin/npm" "install" "--save" "bcrypt"
377 error node v4.6.2
378 error npm  v3.10.9
379 error code ELIFECYCLE
380 error bcrypt@0.8.7 install: `node-gyp rebuild`
380 error Exit status 1
381 error Failed at the bcrypt@0.8.7 install script 'node-gyp rebuild'.
381 error Make sure you have the latest version of node.js and npm installed.
381 error If you do, this is most likely a problem with the bcrypt package,
381 error not with npm itself.
381 error Tell the author that this fails on your system:
381 error     node-gyp rebuild
381 error You can get information on how to open an issue for this project with:
381 error     npm bugs bcrypt
381 error Or if that isn't available, you can get their info via:
381 error     npm owner ls bcrypt
381 error There is likely additional logging output above.
382 verbose exit [ 1, true ]
